    Blocking waiting for file lock on package cache
    Updating crates.io index
    Blocking waiting for file lock on package cache
     Locking 10 packages to latest compatible versions
      Adding arbitrary v1.4.2
      Adding derive_arbitrary v1.4.2
      Adding ndarray v0.17.1
      Adding ndarray-npy v0.9.1
    Updating parquet2 v0.16.3 -> v0.17.2
      Adding py_literal v0.4.0
      Adding zip v2.4.2
      Adding zopfli v0.8.3
    Updating zstd v0.11.2+zstd.1.5.2 -> v0.12.4
    Updating zstd-safe v5.0.2+zstd.1.5.2 -> v6.0.6
    Blocking waiting for file lock on package cache
    Blocking waiting for file lock on package cache
 Downloading crates ...
  Downloaded parquet2 v0.17.2
    Blocking waiting for file lock on package cache
   Compiling num-complex v0.4.6
   Compiling bevy_pbr v0.17.3
   Compiling bevy_sprite_render v0.17.3
   Compiling zstd-safe v6.0.6
   Compiling bevy_anti_alias v0.17.3
   Compiling bevy_post_process v0.17.3
   Compiling zip v2.4.2
   Compiling num-bigint v0.4.6
   Compiling zopfli v0.8.3
   Compiling ndarray v0.16.1
   Compiling simba v0.9.1
   Compiling ndarray v0.17.1
   Compiling zstd v0.12.4
   Compiling parquet2 v0.17.2
   Compiling py_literal v0.4.0
   Compiling ndarray-npy v0.9.1
   Compiling nalgebra v0.34.1
   Compiling bevy_ui_render v0.17.3
   Compiling geoshi v0.1.0 (X:\_Repos\ams\crates\geoshi)
   Compiling yoshi-std v0.1.0 (X:\_Repos\ams\crates\yoshi-std)
   Compiling yoshi v0.1.0 (X:\_Repos\ams\crates\yoshi)
   Compiling rune-gsv v0.1.0 (X:\_Repos\toon-rune\rune-gsv)
   Compiling rune-format v0.0.1 (X:\_Repos\toon-rune)
   Compiling rune-cros v0.1.0 (X:\_Repos\toon-rune\rune-cros)
error[E0117]: only traits defined in the current crate can be implemented for types defined outside of the crate
  --> rune-cros\src\error.rs:41:1
   |
41 | impl From<rmp_serde::decode::Error> for YoshiError {
   | ^^^^^------------------------------^^^^^----------
   |      |                                  |
   |      |                                  `YoshiError` is not defined in the current crate
   |      `rmp_serde::decode::Error` is not defined in the current crate
   |
   = note: impl doesn't have any local type before any uncovered type parameters
   = note: for more information see https://doc.rust-lang.org/reference/items/implementations.html#orphan-rules
   = note: define and implement a trait or new type instead

error[E0117]: only traits defined in the current crate can be implemented for types defined outside of the crate
  --> rune-cros\src\error.rs:49:1
   |
49 | impl From<rmp_serde::encode::Error> for YoshiError {
   | ^^^^^------------------------------^^^^^----------
   |      |                                  |
   |      |                                  `YoshiError` is not defined in the current crate
   |      `rmp_serde::encode::Error` is not defined in the current crate
   |
   = note: impl doesn't have any local type before any uncovered type parameters
   = note: for more information see https://doc.rust-lang.org/reference/items/implementations.html#orphan-rules
   = note: define and implement a trait or new type instead

error[E0117]: only traits defined in the current crate can be implemented for types defined outside of the crate
  --> rune-cros\src\error.rs:57:1
   |
57 | impl From<toml::de::Error> for YoshiError {
   | ^^^^^---------------------^^^^^----------
   |      |                         |
   |      |                         `YoshiError` is not defined in the current crate
   |      `toml::de::Error` is not defined in the current crate
   |
   = note: impl doesn't have any local type before any uncovered type parameters
   = note: for more information see https://doc.rust-lang.org/reference/items/implementations.html#orphan-rules
   = note: define and implement a trait or new type instead

error[E0117]: only traits defined in the current crate can be implemented for types defined outside of the crate
  --> rune-cros\src\error.rs:65:1
   |
65 | impl From<toml::ser::Error> for YoshiError {
   | ^^^^^----------------------^^^^^----------
   |      |                          |
   |      |                          `YoshiError` is not defined in the current crate
   |      `toml::ser::Error` is not defined in the current crate
   |
   = note: impl doesn't have any local type before any uncovered type parameters
   = note: for more information see https://doc.rust-lang.org/reference/items/implementations.html#orphan-rules
   = note: define and implement a trait or new type instead

error[E0117]: only traits defined in the current crate can be implemented for types defined outside of the crate
  --> rune-cros\src\error.rs:73:1
   |
73 | impl From<serde_yaml_ng::Error> for YoshiError {
   | ^^^^^--------------------------^^^^^----------
   |      |                              |
   |      |                              `YoshiError` is not defined in the current crate
   |      `serde_yaml_ng::Error` is not defined in the current crate
   |
   = note: impl doesn't have any local type before any uncovered type parameters
   = note: for more information see https://doc.rust-lang.org/reference/items/implementations.html#orphan-rules
   = note: define and implement a trait or new type instead

error[E0117]: only traits defined in the current crate can be implemented for types defined outside of the crate
  --> rune-cros\src\error.rs:80:1
   |
80 | impl From<ToonError> for YoshiError {
   | ^^^^^---------------^^^^^----------
   |      |                   |
   |      |                   `YoshiError` is not defined in the current crate
   |      `ToonError` is not defined in the current crate
   |
   = note: impl doesn't have any local type before any uncovered type parameters
   = note: for more information see https://doc.rust-lang.org/reference/items/implementations.html#orphan-rules
   = note: define and implement a trait or new type instead

error[E0277]: the trait bound `std::io::Cursor<&[u8]>: AsRef<Path>` is not satisfied
  --> rune-cros\src\npy.rs:16:42
   |
16 |     let arr: ArrayD<f64> = read_npy(&mut cursor).map_err(|e| buck!("npy read error: {}", e))?;
   |                            --------      ^^^^^^ the trait `AsRef<Path>` is not implemented for `std::io::Cursor<&[u8]>`
   |                            |
   |                            required by a bound introduced by this call
   |
   = note: required for `&mut std::io::Cursor<&[u8]>` to implement `AsRef<Path>`
note: required by a bound in `ndarray_npy::read_npy`
  --> C:\Users\LordX\.cargo\registry\src\index.crates.io-1949cf8c6b5b557f\ndarray-npy-0.9.1\src\npy\mod.rs:35:8
   |
33 | pub fn read_npy<P, T>(path: P) -> Result<T, ReadNpyError>
   |        -------- required by a bound in this function
34 | where
35 |     P: AsRef<std::path::Path>,
   |        ^^^^^^^^^^^^^^^^^^^^^^ required by this bound in `read_npy`

error[E0277]: `?` couldn't convert the error to `YoshiError`
  --> rune-cros\src\npy.rs:16:93
   |
9  | pub fn npy_to_json(bytes: &[u8]) -> Result<String> {
   |                                     -------------- expected `YoshiError` because of this
...
16 |     let arr: ArrayD<f64> = read_npy(&mut cursor).map_err(|e| buck!("npy read error: {}", e))?;
   |                            --------------------- -------------------------------------------^ the trait `From<Result<_, _>>` is not implemented for `YoshiError`
   |                            |                     |
   |                            |                     this can't be annotated with `?` because it has type `Result<_, Result<_, _>>`
   |                            this can't be annotated with `?` because it has type `Result<_, ReadNpyError>`
   |
   = note: the question mark operation (`?`) implicitly performs a conversion on the error value using the `From` trait
   = help: the following other types implement trait `From<T>`:
             `YoshiError` implements `From<&str>`
             `YoshiError` implements `From<Box<dyn std::error::Error + Send + Sync>>`
             `YoshiError` implements `From<FromUtf8Error>`
             `YoshiError` implements `From<ParseFloatError>`
             `YoshiError` implements `From<ParseIntError>`
             `YoshiError` implements `From<ToonError>`
             `YoshiError` implements `From<YoError>`
             `YoshiError` implements `From<csv::error::Error>`
           and 11 others

error[E0277]: the trait bound `ArrayBase<OwnedRepr<f64>, Dim<IxDynImpl>, f64>: ReadNpyExt` is not satisfied
  --> rune-cros\src\npy.rs:16:28
   |
16 |     let arr: ArrayD<f64> = read_npy(&mut cursor).map_err(|e| buck!("npy read error: {}", e))?;
   |                            ^^^^^^^^^^^^^^^^^^^^^ the trait `ReadNpyExt` is not implemented for `ArrayBase<OwnedRepr<f64>, Dim<IxDynImpl>, f64>`
   |
   = help: the trait `ReadNpyExt` is implemented for `ndarray::ArrayBase<S, D>`
note: required by a bound in `ndarray_npy::read_npy`
  --> C:\Users\LordX\.cargo\registry\src\index.crates.io-1949cf8c6b5b557f\ndarray-npy-0.9.1\src\npy\mod.rs:36:8
   |
33 | pub fn read_npy<P, T>(path: P) -> Result<T, ReadNpyError>
   |        -------- required by a bound in this function
...
36 |     T: ReadNpyExt,
   |        ^^^^^^^^^^ required by this bound in `read_npy`

error[E0599]: no method named `to_vec` found for struct `ArrayBase<OwnedRepr<f64>, Dim<IxDynImpl>, f64>` in the current scope
  --> rune-cros\src\npy.rs:18:45
   |
18 |     let json_val = serde_json::to_value(arr.to_vec()).map_err(|e| buck!("npy -> json conversion failed: {}", e))?;
   |                                             ^^^^^^
   |
help: there is a method `into_raw_vec` with a similar name
   |
18 -     let json_val = serde_json::to_value(arr.to_vec()).map_err(|e| buck!("npy -> json conversion failed: {}", e))?;
18 +     let json_val = serde_json::to_value(arr.into_raw_vec()).map_err(|e| buck!("npy -> json conversion failed: {}", e))?;
   |

error[E0277]: `?` couldn't convert the error to `YoshiError`
  --> rune-cros\src\npy.rs:18:113
   |
9  | pub fn npy_to_json(bytes: &[u8]) -> Result<String> {
   |                                     -------------- expected `YoshiError` because of this
...
18 |     let json_val = serde_json::to_value(arr.to_vec()).map_err(|e| buck!("npy -> json conversion failed: {}", e))?;
   |                    ---------------------------------- ----------------------------------------------------------^ the trait `From<Result<_, _>>` is not implemented for `YoshiError`
   |                    |                                  |
   |                    |                                  this can't be annotated with `?` because it has type `Result<_, Result<_, _>>`
   |                    this has type `Result<_, serde_json::Error>`
   |
   = note: the question mark operation (`?`) implicitly performs a conversion on the error value using the `From` trait
   = help: the following other types implement trait `From<T>`:
             `YoshiError` implements `From<&str>`
             `YoshiError` implements `From<Box<dyn std::error::Error + Send + Sync>>`
             `YoshiError` implements `From<FromUtf8Error>`
             `YoshiError` implements `From<ParseFloatError>`
             `YoshiError` implements `From<ParseIntError>`
             `YoshiError` implements `From<ToonError>`
             `YoshiError` implements `From<YoError>`
             `YoshiError` implements `From<csv::error::Error>`
           and 11 others

error[E0277]: `?` couldn't convert the error to `YoshiError`
  --> rune-cros\src\npy.rs:19:109
   |
9  | pub fn npy_to_json(bytes: &[u8]) -> Result<String> {
   |                                     -------------- expected `YoshiError` because of this
...
19 |     let s = serde_json::to_string_pretty(&json_val).map_err(|e| buck!("serde_json stringify failed: {}", e))?;
   |             --------------------------------------- --------------------------------------------------------^ the trait `From<Result<_, _>>` is not implemented for `YoshiError`
   |             |                                       |
   |             |                                       this can't be annotated with `?` because it has type `Result<_, Result<_, _>>`
   |             this has type `Result<_, serde_json::Error>`
   |
   = note: the question mark operation (`?`) implicitly performs a conversion on the error value using the `From` trait
   = help: the following other types implement trait `From<T>`:
             `YoshiError` implements `From<&str>`
             `YoshiError` implements `From<Box<dyn std::error::Error + Send + Sync>>`
             `YoshiError` implements `From<FromUtf8Error>`
             `YoshiError` implements `From<ParseFloatError>`
             `YoshiError` implements `From<ParseIntError>`
             `YoshiError` implements `From<ToonError>`
             `YoshiError` implements `From<YoError>`
             `YoshiError` implements `From<csv::error::Error>`
           and 11 others

Some errors have detailed explanations: E0117, E0277, E0599.
For more information about an error, try `rustc --explain E0117`.
error: could not compile `rune-cros` (lib) due to 12 previous errors
warning: build failed, waiting for other jobs to finish...
